<?xml version="1.0" encoding="UTF-8"?>
<coverage generated="1680902335482" clover="3.2.0">
  <project timestamp="1680902335482" name="All files">
    <metrics statements="79" coveredstatements="61" conditionals="14" coveredconditionals="9" methods="31" coveredmethods="26" elements="124" coveredelements="96" complexity="0" loc="79" ncloc="79" packages="4" files="11" classes="11"/>
    <package name="model">
      <metrics statements="17" coveredstatements="14" conditionals="0" coveredconditionals="0" methods="9" coveredmethods="8"/>
      <file name="configuration.model.ts" path="/Users/dorianfrances/Projects/personal/tobaccoff/src/model/configuration.model.ts">
        <metrics statements="3" coveredstatements="0" conditionals="0" coveredconditionals="0" methods="1" coveredmethods="0"/>
        <line num="11" count="0" type="stmt"/>
        <line num="12" count="0" type="stmt"/>
        <line num="13" count="0" type="stmt"/>
      </file>
      <file name="smoked-cigarette.model.ts" path="/Users/dorianfrances/Projects/personal/tobaccoff/src/model/smoked-cigarette.model.ts">
        <metrics statements="2" coveredstatements="2" conditionals="0" coveredconditionals="0" methods="1" coveredmethods="1"/>
        <line num="6" count="15" type="stmt"/>
        <line num="7" count="15" type="stmt"/>
      </file>
      <file name="smoked-cigarettes.model.ts" path="/Users/dorianfrances/Projects/personal/tobaccoff/src/model/smoked-cigarettes.model.ts">
        <metrics statements="5" coveredstatements="5" conditionals="0" coveredconditionals="0" methods="3" coveredmethods="3"/>
        <line num="7" count="3" type="stmt"/>
        <line num="11" count="1" type="stmt"/>
        <line num="12" count="1" type="stmt"/>
        <line num="13" count="3" type="stmt"/>
        <line num="20" count="1" type="stmt"/>
      </file>
      <file name="vape-expense.model.ts" path="/Users/dorianfrances/Projects/personal/tobaccoff/src/model/vape-expense.model.ts">
        <metrics statements="2" coveredstatements="2" conditionals="0" coveredconditionals="0" methods="1" coveredmethods="1"/>
        <line num="6" count="17" type="stmt"/>
        <line num="7" count="17" type="stmt"/>
      </file>
      <file name="vape-expenses.model.ts" path="/Users/dorianfrances/Projects/personal/tobaccoff/src/model/vape-expenses.model.ts">
        <metrics statements="5" coveredstatements="5" conditionals="0" coveredconditionals="0" methods="3" coveredmethods="3"/>
        <line num="7" count="3" type="stmt"/>
        <line num="11" count="1" type="stmt"/>
        <line num="12" count="1" type="stmt"/>
        <line num="13" count="3" type="stmt"/>
        <line num="17" count="1" type="stmt"/>
      </file>
    </package>
    <package name="services">
      <metrics statements="52" coveredstatements="43" conditionals="10" coveredconditionals="7" methods="18" coveredmethods="16"/>
      <file name="metric.service.ts" path="/Users/dorianfrances/Projects/personal/tobaccoff/src/services/metric.service.ts">
        <metrics statements="34" coveredstatements="31" conditionals="6" coveredconditionals="5" methods="14" coveredmethods="12"/>
        <line num="14" count="12" type="stmt"/>
        <line num="22" count="6" type="stmt"/>
        <line num="24" count="6" type="stmt"/>
        <line num="25" count="6" type="cond" truecount="2" falsecount="0"/>
        <line num="27" count="3" type="stmt"/>
        <line num="35" count="3" type="stmt"/>
        <line num="49" count="3" type="stmt"/>
        <line num="54" count="3" type="stmt"/>
        <line num="65" count="12" type="stmt"/>
        <line num="73" count="4" type="stmt"/>
        <line num="75" count="4" type="stmt"/>
        <line num="76" count="4" type="cond" truecount="2" falsecount="0"/>
        <line num="78" count="2" type="stmt"/>
        <line num="85" count="2" type="stmt"/>
        <line num="97" count="2" type="stmt"/>
        <line num="104" count="2" type="stmt"/>
        <line num="122" count="1" type="stmt"/>
        <line num="124" count="1" type="stmt"/>
        <line num="125" count="1" type="stmt"/>
        <line num="138" count="1" type="stmt"/>
        <line num="139" count="1" type="stmt"/>
        <line num="147" count="10" type="cond" truecount="1" falsecount="1"/>
        <line num="148" count="10" type="stmt"/>
        <line num="149" count="6" type="stmt"/>
        <line num="150" count="6" type="stmt"/>
        <line num="151" count="10" type="stmt"/>
        <line num="156" count="0" type="stmt"/>
        <line num="162" count="1" type="stmt"/>
        <line num="163" count="0" type="stmt"/>
        <line num="164" count="0" type="stmt"/>
        <line num="165" count="1" type="stmt"/>
        <line num="173" count="10" type="stmt"/>
        <line num="174" count="8" type="stmt"/>
        <line num="175" count="8" type="stmt"/>
      </file>
      <file name="smoked-cigarette.service.ts" path="/Users/dorianfrances/Projects/personal/tobaccoff/src/services/smoked-cigarette.service.ts">
        <metrics statements="9" coveredstatements="6" conditionals="2" coveredconditionals="1" methods="2" coveredmethods="2"/>
        <line num="6" count="1" type="stmt"/>
        <line num="7" count="1" type="stmt"/>
        <line num="12" count="0" type="stmt"/>
        <line num="19" count="1" type="stmt"/>
        <line num="20" count="1" type="stmt"/>
        <line num="21" count="1" type="cond" truecount="1" falsecount="1"/>
        <line num="22" count="1" type="stmt"/>
        <line num="26" count="0" type="stmt"/>
        <line num="28" count="0" type="stmt"/>
      </file>
      <file name="vape-expense.service.ts" path="/Users/dorianfrances/Projects/personal/tobaccoff/src/services/vape-expense.service.ts">
        <metrics statements="9" coveredstatements="6" conditionals="2" coveredconditionals="1" methods="2" coveredmethods="2"/>
        <line num="6" count="1" type="stmt"/>
        <line num="7" count="1" type="stmt"/>
        <line num="8" count="1" type="cond" truecount="1" falsecount="1"/>
        <line num="9" count="1" type="stmt"/>
        <line num="13" count="0" type="stmt"/>
        <line num="15" count="0" type="stmt"/>
        <line num="20" count="1" type="stmt"/>
        <line num="21" count="1" type="stmt"/>
        <line num="26" count="0" type="stmt"/>
      </file>
    </package>
    <package name="utils">
      <metrics statements="10" coveredstatements="4" conditionals="4" coveredconditionals="2" methods="4" coveredmethods="2"/>
      <file name="cigarette.utils.ts" path="/Users/dorianfrances/Projects/personal/tobaccoff/src/utils/cigarette.utils.ts">
        <metrics statements="1" coveredstatements="1" conditionals="2" coveredconditionals="2" methods="1" coveredmethods="1"/>
        <line num="6" count="21" type="cond" truecount="2" falsecount="0"/>
      </file>
      <file name="time.utils.ts" path="/Users/dorianfrances/Projects/personal/tobaccoff/src/utils/time.utils.ts">
        <metrics statements="9" coveredstatements="3" conditionals="2" coveredconditionals="0" methods="3" coveredmethods="1"/>
        <line num="2" count="13" type="stmt"/>
        <line num="3" count="0" type="stmt"/>
        <line num="4" count="0" type="cond" truecount="0" falsecount="2"/>
        <line num="5" count="0" type="stmt"/>
        <line num="7" count="0" type="stmt"/>
        <line num="18" count="13" type="stmt"/>
        <line num="19" count="1" type="stmt"/>
        <line num="23" count="0" type="stmt"/>
        <line num="28" count="0" type="stmt"/>
      </file>
    </package>
    <package name="utils.data">
      <metrics statements="0" coveredstatements="0" conditionals="0" coveredconditionals="0" methods="0" coveredmethods="0"/>
      <file name="cigarette.data.ts" path="/Users/dorianfrances/Projects/personal/tobaccoff/src/utils/data/cigarette.data.ts">
        <metrics statements="0" coveredstatements="0" conditionals="0" coveredconditionals="0" methods="0" coveredmethods="0"/>
      </file>
    </package>
  </project>
</coverage>
