<?xml version="1.0" encoding="UTF-8"?>
<coverage generated="1679148063035" clover="3.2.0">
  <project timestamp="1679148063036" name="All files">
    <metrics statements="37" coveredstatements="31" conditionals="22" coveredconditionals="7" methods="14" coveredmethods="11" elements="73" coveredelements="49" complexity="0" loc="37" ncloc="37" packages="5" files="10" classes="10"/>
    <package name="assets.colors">
      <metrics statements="0" coveredstatements="0" conditionals="0" coveredconditionals="0" methods="0" coveredmethods="0"/>
      <file name="colors.enum.ts" path="/Users/dorianfrances/Projects/personal/tobaccoff/src/assets/colors/colors.enum.ts">
        <metrics statements="0" coveredstatements="0" conditionals="0" coveredconditionals="0" methods="0" coveredmethods="0"/>
      </file>
    </package>
    <package name="assets.fonts">
      <metrics statements="0" coveredstatements="0" conditionals="0" coveredconditionals="0" methods="0" coveredmethods="0"/>
      <file name="fonts.enum.ts" path="/Users/dorianfrances/Projects/personal/tobaccoff/src/assets/fonts/fonts.enum.ts">
        <metrics statements="0" coveredstatements="0" conditionals="0" coveredconditionals="0" methods="0" coveredmethods="0"/>
      </file>
    </package>
    <package name="components.atoms.buttons">
      <metrics statements="5" coveredstatements="4" conditionals="5" coveredconditionals="1" methods="3" coveredmethods="2"/>
      <file name="CircleButton.tsx" path="/Users/dorianfrances/Projects/personal/tobaccoff/src/components/atoms/buttons/CircleButton.tsx">
        <metrics statements="2" coveredstatements="2" conditionals="0" coveredconditionals="0" methods="1" coveredmethods="1"/>
        <line num="11" count="1" type="stmt"/>
        <line num="12" count="2" type="stmt"/>
      </file>
      <file name="ClassicButton.tsx" path="/Users/dorianfrances/Projects/personal/tobaccoff/src/components/atoms/buttons/ClassicButton.tsx">
        <metrics statements="3" coveredstatements="2" conditionals="5" coveredconditionals="1" methods="2" coveredmethods="1"/>
        <line num="13" count="1" type="stmt"/>
        <line num="18" count="0" type="cond" truecount="0" falsecount="1"/>
        <line num="20" count="2" type="stmt"/>
      </file>
    </package>
    <package name="components.atoms.texts">
      <metrics statements="16" coveredstatements="15" conditionals="12" coveredconditionals="3" methods="7" coveredmethods="6"/>
      <file name="HeaderText.tsx" path="/Users/dorianfrances/Projects/personal/tobaccoff/src/components/atoms/texts/HeaderText.tsx">
        <metrics statements="3" coveredstatements="3" conditionals="1" coveredconditionals="0" methods="1" coveredmethods="1"/>
        <line num="9" count="1" type="cond" truecount="0" falsecount="1"/>
        <line num="10" count="2" type="stmt"/>
        <line num="13" count="1" type="stmt"/>
      </file>
      <file name="InfoText.tsx" path="/Users/dorianfrances/Projects/personal/tobaccoff/src/components/atoms/texts/InfoText.tsx">
        <metrics statements="3" coveredstatements="3" conditionals="1" coveredconditionals="0" methods="1" coveredmethods="1"/>
        <line num="9" count="1" type="cond" truecount="0" falsecount="1"/>
        <line num="10" count="2" type="stmt"/>
        <line num="13" count="1" type="stmt"/>
      </file>
      <file name="InputText.tsx" path="/Users/dorianfrances/Projects/personal/tobaccoff/src/components/atoms/texts/InputText.tsx">
        <metrics statements="6" coveredstatements="5" conditionals="3" coveredconditionals="2" methods="3" coveredmethods="2"/>
        <line num="15" count="1" type="stmt"/>
        <line num="22" count="3" type="stmt"/>
        <line num="24" count="3" type="stmt"/>
        <line num="31" count="1" type="stmt"/>
        <line num="38" count="0" type="stmt"/>
        <line num="44" count="1" type="stmt"/>
      </file>
      <file name="MetricText.tsx" path="/Users/dorianfrances/Projects/personal/tobaccoff/src/components/atoms/texts/MetricText.tsx">
        <metrics statements="2" coveredstatements="2" conditionals="4" coveredconditionals="0" methods="1" coveredmethods="1"/>
        <line num="11" count="1" type="stmt"/>
        <line num="17" count="1" type="stmt"/>
      </file>
      <file name="SectionText.tsx" path="/Users/dorianfrances/Projects/personal/tobaccoff/src/components/atoms/texts/SectionText.tsx">
        <metrics statements="2" coveredstatements="2" conditionals="3" coveredconditionals="1" methods="1" coveredmethods="1"/>
        <line num="12" count="1" type="stmt"/>
        <line num="17" count="1" type="stmt"/>
      </file>
    </package>
    <package name="components.molecules">
      <metrics statements="16" coveredstatements="12" conditionals="5" coveredconditionals="3" methods="4" coveredmethods="3"/>
      <file name="DatePickerButton.tsx" path="/Users/dorianfrances/Projects/personal/tobaccoff/src/components/molecules/DatePickerButton.tsx">
        <metrics statements="16" coveredstatements="12" conditionals="5" coveredconditionals="3" methods="4" coveredmethods="3"/>
        <line num="13" count="1" type="stmt"/>
        <line num="17" count="6" type="stmt"/>
        <line num="18" count="6" type="stmt"/>
        <line num="19" count="6" type="stmt"/>
        <line num="21" count="6" type="stmt"/>
        <line num="22" count="0" type="stmt"/>
        <line num="23" count="0" type="stmt"/>
        <line num="24" count="0" type="stmt"/>
        <line num="27" count="6" type="stmt"/>
        <line num="28" count="2" type="cond" truecount="1" falsecount="1"/>
        <line num="29" count="0" type="stmt"/>
        <line num="31" count="2" type="stmt"/>
        <line num="32" count="2" type="stmt"/>
        <line num="34" count="6" type="stmt"/>
        <line num="35" count="2" type="stmt"/>
        <line num="38" count="6" type="stmt"/>
      </file>
    </package>
  </project>
</coverage>
