{"/Users/dorianfrances/Projects/personal/tobaccoff/src/assets/colors/colors.enum.ts": {"path":"/Users/dorianfrances/Projects/personal/tobaccoff/src/assets/colors/colors.enum.ts","statementMap":{},"fnMap":{},"branchMap":{},"s":{},"f":{},"b":{},"_coverageSchema":"1a1c01bbd47fc00a2c39e90264f33305004495a9","hash":"752c995d8ca4aedeea0b941d0b2ceedc31a3a38f"}
,"/Users/dorianfrances/Projects/personal/tobaccoff/src/assets/fonts/fonts.enum.ts": {"path":"/Users/dorianfrances/Projects/personal/tobaccoff/src/assets/fonts/fonts.enum.ts","statementMap":{},"fnMap":{},"branchMap":{},"s":{},"f":{},"b":{},"_coverageSchema":"1a1c01bbd47fc00a2c39e90264f33305004495a9","hash":"0e132b71487123fd6ef64e072de0df5b8abb4428"}
,"/Users/dorianfrances/Projects/personal/tobaccoff/src/components/atoms/buttons/CircleButton.tsx": {"path":"/Users/dorianfrances/Projects/personal/tobaccoff/src/components/atoms/buttons/CircleButton.tsx","statementMap":{"0":{"start":{"line":11,"column":21},"end":{"line":34,"column":1}},"1":{"start":{"line":12,"column":2},"end":{"line":33,"column":4}}},"fnMap":{"0":{"name":"(anonymous_0)","decl":{"start":{"line":11,"column":21},"end":{"line":11,"column":22}},"loc":{"start":{"line":11,"column":56},"end":{"line":34,"column":1}},"line":11}},"branchMap":{},"s":{"0":1,"1":2},"f":{"0":2},"b":{},"_coverageSchema":"1a1c01bbd47fc00a2c39e90264f33305004495a9","hash":"a8e63f823c7862ef84e900445d51ccf5b758d874"}
,"/Users/dorianfrances/Projects/personal/tobaccoff/src/components/atoms/buttons/ClassicButton.tsx": {"path":"/Users/dorianfrances/Projects/personal/tobaccoff/src/components/atoms/buttons/ClassicButton.tsx","statementMap":{"0":{"start":{"line":13,"column":22},"end":{"line":32,"column":1}},"1":{"start":{"line":18,"column":18},"end":{"line":18,"column":49}},"2":{"start":{"line":20,"column":2},"end":{"line":31,"column":4}}},"fnMap":{"0":{"name":"(anonymous_0)","decl":{"start":{"line":13,"column":22},"end":{"line":13,"column":23}},"loc":{"start":{"line":19,"column":28},"end":{"line":32,"column":1}},"line":19},"1":{"name":"(anonymous_1)","decl":{"start":{"line":18,"column":12},"end":{"line":18,"column":13}},"loc":{"start":{"line":18,"column":18},"end":{"line":18,"column":49}},"line":18}},"branchMap":{"0":{"loc":{"start":{"line":14,"column":2},"end":{"line":14,"column":22}},"type":"default-arg","locations":[{"start":{"line":14,"column":9},"end":{"line":14,"column":22}}],"line":14},"1":{"loc":{"start":{"line":15,"column":2},"end":{"line":15,"column":31}},"type":"default-arg","locations":[{"start":{"line":15,"column":15},"end":{"line":15,"column":31}}],"line":15},"2":{"loc":{"start":{"line":16,"column":2},"end":{"line":16,"column":19}},"type":"default-arg","locations":[{"start":{"line":16,"column":9},"end":{"line":16,"column":19}}],"line":16},"3":{"loc":{"start":{"line":17,"column":2},"end":{"line":17,"column":47}},"type":"default-arg","locations":[{"start":{"line":17,"column":16},"end":{"line":17,"column":47}}],"line":17},"4":{"loc":{"start":{"line":18,"column":2},"end":{"line":18,"column":49}},"type":"default-arg","locations":[{"start":{"line":18,"column":12},"end":{"line":18,"column":49}}],"line":18}},"s":{"0":1,"1":0,"2":2},"f":{"0":2,"1":0},"b":{"0":[0],"1":[0],"2":[0],"3":[2],"4":[0]},"_coverageSchema":"1a1c01bbd47fc00a2c39e90264f33305004495a9","hash":"a8f6b88526493d6d7de79e580ba5998937906871"}
,"/Users/dorianfrances/Projects/personal/tobaccoff/src/components/atoms/texts/HeaderText.tsx": {"path":"/Users/dorianfrances/Projects/personal/tobaccoff/src/components/atoms/texts/HeaderText.tsx","statementMap":{"0":{"start":{"line":9,"column":19},"end":{"line":11,"column":1}},"1":{"start":{"line":10,"column":2},"end":{"line":10,"column":49}},"2":{"start":{"line":13,"column":15},"end":{"line":18,"column":2}}},"fnMap":{"0":{"name":"(anonymous_0)","decl":{"start":{"line":9,"column":19},"end":{"line":9,"column":20}},"loc":{"start":{"line":9,"column":66},"end":{"line":11,"column":1}},"line":9}},"branchMap":{"0":{"loc":{"start":{"line":9,"column":22},"end":{"line":9,"column":42}},"type":"default-arg","locations":[{"start":{"line":9,"column":29},"end":{"line":9,"column":42}}],"line":9}},"s":{"0":1,"1":2,"2":1},"f":{"0":2},"b":{"0":[0]},"_coverageSchema":"1a1c01bbd47fc00a2c39e90264f33305004495a9","hash":"e7b1c3b32488198c31da98be002bf2df93226583"}
,"/Users/dorianfrances/Projects/personal/tobaccoff/src/components/atoms/texts/InfoText.tsx": {"path":"/Users/dorianfrances/Projects/personal/tobaccoff/src/components/atoms/texts/InfoText.tsx","statementMap":{"0":{"start":{"line":9,"column":17},"end":{"line":11,"column":1}},"1":{"start":{"line":10,"column":2},"end":{"line":10,"column":54}},"2":{"start":{"line":13,"column":15},"end":{"line":18,"column":2}}},"fnMap":{"0":{"name":"(anonymous_0)","decl":{"start":{"line":9,"column":17},"end":{"line":9,"column":18}},"loc":{"start":{"line":9,"column":62},"end":{"line":11,"column":1}},"line":9}},"branchMap":{"0":{"loc":{"start":{"line":9,"column":20},"end":{"line":9,"column":40}},"type":"default-arg","locations":[{"start":{"line":9,"column":27},"end":{"line":9,"column":40}}],"line":9}},"s":{"0":1,"1":2,"2":1},"f":{"0":2},"b":{"0":[0]},"_coverageSchema":"1a1c01bbd47fc00a2c39e90264f33305004495a9","hash":"c70612e41d3c2978a144661d0887f10d32468bdc"}
,"/Users/dorianfrances/Projects/personal/tobaccoff/src/components/atoms/texts/InputText.tsx": {"path":"/Users/dorianfrances/Projects/personal/tobaccoff/src/components/atoms/texts/InputText.tsx","statementMap":{"0":{"start":{"line":15,"column":18},"end":{"line":42,"column":1}},"1":{"start":{"line":22,"column":48},"end":{"line":22,"column":60}},"2":{"start":{"line":24,"column":2},"end":{"line":41,"column":4}},"3":{"start":{"line":31,"column":41},"end":{"line":31,"column":76}},"4":{"start":{"line":38,"column":26},"end":{"line":38,"column":61}},"5":{"start":{"line":44,"column":15},"end":{"line":49,"column":2}}},"fnMap":{"0":{"name":"(anonymous_0)","decl":{"start":{"line":15,"column":18},"end":{"line":15,"column":19}},"loc":{"start":{"line":21,"column":37},"end":{"line":42,"column":1}},"line":21},"1":{"name":"(anonymous_1)","decl":{"start":{"line":31,"column":20},"end":{"line":31,"column":21}},"loc":{"start":{"line":31,"column":41},"end":{"line":31,"column":76}},"line":31},"2":{"name":"(anonymous_2)","decl":{"start":{"line":38,"column":20},"end":{"line":38,"column":21}},"loc":{"start":{"line":38,"column":26},"end":{"line":38,"column":61}},"line":38}},"branchMap":{"0":{"loc":{"start":{"line":16,"column":2},"end":{"line":16,"column":19}},"type":"default-arg","locations":[{"start":{"line":16,"column":9},"end":{"line":16,"column":19}}],"line":16},"1":{"loc":{"start":{"line":17,"column":2},"end":{"line":17,"column":23}},"type":"default-arg","locations":[{"start":{"line":17,"column":10},"end":{"line":17,"column":23}}],"line":17},"2":{"loc":{"start":{"line":18,"column":2},"end":{"line":18,"column":22}},"type":"default-arg","locations":[{"start":{"line":18,"column":14},"end":{"line":18,"column":22}}],"line":18}},"s":{"0":1,"1":3,"2":3,"3":1,"4":0,"5":1},"f":{"0":3,"1":1,"2":0},"b":{"0":[3],"1":[0],"2":[3]},"_coverageSchema":"1a1c01bbd47fc00a2c39e90264f33305004495a9","hash":"2cec5fbb6274b16c5ffeb2406880cfbe47f7266b"}
,"/Users/dorianfrances/Projects/personal/tobaccoff/src/components/atoms/texts/MetricText.tsx": {"path":"/Users/dorianfrances/Projects/personal/tobaccoff/src/components/atoms/texts/MetricText.tsx","statementMap":{"0":{"start":{"line":11,"column":19},"end":{"line":25,"column":1}},"1":{"start":{"line":17,"column":2},"end":{"line":24,"column":4}}},"fnMap":{"0":{"name":"(anonymous_0)","decl":{"start":{"line":11,"column":19},"end":{"line":11,"column":20}},"loc":{"start":{"line":16,"column":23},"end":{"line":25,"column":1}},"line":16}},"branchMap":{"0":{"loc":{"start":{"line":12,"column":2},"end":{"line":12,"column":15}},"type":"default-arg","locations":[{"start":{"line":12,"column":11},"end":{"line":12,"column":15}}],"line":12},"1":{"loc":{"start":{"line":13,"column":2},"end":{"line":13,"column":12}},"type":"default-arg","locations":[{"start":{"line":13,"column":9},"end":{"line":13,"column":12}}],"line":13},"2":{"loc":{"start":{"line":14,"column":2},"end":{"line":14,"column":27}},"type":"default-arg","locations":[{"start":{"line":14,"column":26},"end":{"line":14,"column":27}}],"line":14},"3":{"loc":{"start":{"line":15,"column":2},"end":{"line":15,"column":15}},"type":"default-arg","locations":[{"start":{"line":15,"column":13},"end":{"line":15,"column":15}}],"line":15}},"s":{"0":1,"1":1},"f":{"0":1},"b":{"0":[0],"1":[0],"2":[0],"3":[0]},"_coverageSchema":"1a1c01bbd47fc00a2c39e90264f33305004495a9","hash":"150be8c83f1992f5a60ac07145288821c7c78250"}
,"/Users/dorianfrances/Projects/personal/tobaccoff/src/components/atoms/texts/SectionText.tsx": {"path":"/Users/dorianfrances/Projects/personal/tobaccoff/src/components/atoms/texts/SectionText.tsx","statementMap":{"0":{"start":{"line":12,"column":20},"end":{"line":28,"column":1}},"1":{"start":{"line":17,"column":2},"end":{"line":27,"column":4}}},"fnMap":{"0":{"name":"(anonymous_0)","decl":{"start":{"line":12,"column":20},"end":{"line":12,"column":21}},"loc":{"start":{"line":16,"column":24},"end":{"line":28,"column":1}},"line":16}},"branchMap":{"0":{"loc":{"start":{"line":13,"column":2},"end":{"line":13,"column":31}},"type":"default-arg","locations":[{"start":{"line":13,"column":9},"end":{"line":13,"column":31}}],"line":13},"1":{"loc":{"start":{"line":14,"column":2},"end":{"line":14,"column":15}},"type":"default-arg","locations":[{"start":{"line":14,"column":13},"end":{"line":14,"column":15}}],"line":14},"2":{"loc":{"start":{"line":15,"column":2},"end":{"line":15,"column":40}},"type":"default-arg","locations":[{"start":{"line":15,"column":10},"end":{"line":15,"column":40}}],"line":15}},"s":{"0":1,"1":1},"f":{"0":1},"b":{"0":[0],"1":[0],"2":[1]},"_coverageSchema":"1a1c01bbd47fc00a2c39e90264f33305004495a9","hash":"0c62f817a1f30a883e05059939653676682d4319"}
,"/Users/dorianfrances/Projects/personal/tobaccoff/src/components/molecules/DatePickerButton.tsx": {"path":"/Users/dorianfrances/Projects/personal/tobaccoff/src/components/molecules/DatePickerButton.tsx","statementMap":{"0":{"start":{"line":13,"column":25},"end":{"line":85,"column":1}},"1":{"start":{"line":17,"column":26},"end":{"line":17,"column":46}},"2":{"start":{"line":18,"column":26},"end":{"line":18,"column":42}},"3":{"start":{"line":19,"column":26},"end":{"line":19,"column":41}},"4":{"start":{"line":21,"column":19},"end":{"line":25,"column":3}},"5":{"start":{"line":22,"column":4},"end":{"line":22,"column":19}},"6":{"start":{"line":23,"column":4},"end":{"line":23,"column":26}},"7":{"start":{"line":24,"column":4},"end":{"line":24,"column":30}},"8":{"start":{"line":27,"column":19},"end":{"line":33,"column":3}},"9":{"start":{"line":28,"column":4},"end":{"line":30,"column":5}},"10":{"start":{"line":29,"column":6},"end":{"line":29,"column":21}},"11":{"start":{"line":31,"column":4},"end":{"line":31,"column":18}},"12":{"start":{"line":32,"column":4},"end":{"line":32,"column":18}},"13":{"start":{"line":34,"column":25},"end":{"line":36,"column":3}},"14":{"start":{"line":35,"column":4},"end":{"line":35,"column":21}},"15":{"start":{"line":38,"column":2},"end":{"line":84,"column":4}}},"fnMap":{"0":{"name":"(anonymous_0)","decl":{"start":{"line":13,"column":25},"end":{"line":13,"column":26}},"loc":{"start":{"line":16,"column":29},"end":{"line":85,"column":1}},"line":16},"1":{"name":"(anonymous_1)","decl":{"start":{"line":21,"column":19},"end":{"line":21,"column":20}},"loc":{"start":{"line":21,"column":60},"end":{"line":25,"column":3}},"line":21},"2":{"name":"(anonymous_2)","decl":{"start":{"line":27,"column":19},"end":{"line":27,"column":20}},"loc":{"start":{"line":27,"column":37},"end":{"line":33,"column":3}},"line":27},"3":{"name":"(anonymous_3)","decl":{"start":{"line":34,"column":25},"end":{"line":34,"column":26}},"loc":{"start":{"line":34,"column":31},"end":{"line":36,"column":3}},"line":34}},"branchMap":{"0":{"loc":{"start":{"line":14,"column":2},"end":{"line":14,"column":26}},"type":"default-arg","locations":[{"start":{"line":14,"column":13},"end":{"line":14,"column":26}}],"line":14},"1":{"loc":{"start":{"line":28,"column":4},"end":{"line":30,"column":5}},"type":"if","locations":[{"start":{"line":28,"column":4},"end":{"line":30,"column":5}},{"start":{},"end":{}}],"line":28},"2":{"loc":{"start":{"line":74,"column":9},"end":{"line":81,"column":9}},"type":"binary-expr","locations":[{"start":{"line":74,"column":9},"end":{"line":74,"column":13}},{"start":{"line":75,"column":10},"end":{"line":80,"column":12}}],"line":74}},"s":{"0":1,"1":6,"2":6,"3":6,"4":6,"5":0,"6":0,"7":0,"8":6,"9":2,"10":0,"11":2,"12":2,"13":6,"14":2,"15":6},"f":{"0":6,"1":0,"2":2,"3":2},"b":{"0":[0],"1":[0,2],"2":[6,2]},"_coverageSchema":"1a1c01bbd47fc00a2c39e90264f33305004495a9","hash":"26186fabfa676f1780fbbd93a3137044615427ef"}
}
