{"/Users/dorianfrances/Projects/personal/tobaccoff/src/services/configuration.service.ts": {"path":"/Users/dorianfrances/Projects/personal/tobaccoff/src/services/configuration.service.ts","statementMap":{"0":{"start":{"line":13,"column":4},"end":{"line":29,"column":5}},"1":{"start":{"line":14,"column":6},"end":{"line":14,"column":36}},"2":{"start":{"line":15,"column":46},"end":{"line":19,"column":7}},"3":{"start":{"line":21,"column":6},"end":{"line":24,"column":8}},"4":{"start":{"line":26,"column":6},"end":{"line":28,"column":8}},"5":{"start":{"line":33,"column":4},"end":{"line":41,"column":5}},"6":{"start":{"line":34,"column":19},"end":{"line":34,"column":63}},"7":{"start":{"line":35,"column":6},"end":{"line":37,"column":7}},"8":{"start":{"line":36,"column":8},"end":{"line":36,"column":49}},"9":{"start":{"line":38,"column":6},"end":{"line":38,"column":18}},"10":{"start":{"line":40,"column":6},"end":{"line":40,"column":77}}},"fnMap":{"0":{"name":"(anonymous_0)","decl":{"start":{"line":8,"column":2},"end":{"line":8,"column":3}},"loc":{"start":{"line":12,"column":4},"end":{"line":30,"column":3}},"line":12},"1":{"name":"(anonymous_1)","decl":{"start":{"line":32,"column":2},"end":{"line":32,"column":3}},"loc":{"start":{"line":32,"column":33},"end":{"line":42,"column":3}},"line":32}},"branchMap":{"0":{"loc":{"start":{"line":35,"column":6},"end":{"line":37,"column":7}},"type":"if","locations":[{"start":{"line":35,"column":6},"end":{"line":37,"column":7}},{"start":{},"end":{}}],"line":35}},"s":{"0":1,"1":1,"2":1,"3":1,"4":0,"5":3,"6":3,"7":3,"8":1,"9":2,"10":0},"f":{"0":1,"1":3},"b":{"0":[1,2]},"_coverageSchema":"1a1c01bbd47fc00a2c39e90264f33305004495a9","hash":"5a788786344121f214e2ccdca33c5b662c620f4c"}
,"/Users/dorianfrances/Projects/personal/tobaccoff/src/services/global-storage.service.ts": {"path":"/Users/dorianfrances/Projects/personal/tobaccoff/src/services/global-storage.service.ts","statementMap":{"0":{"start":{"line":5,"column":4},"end":{"line":9,"column":5}},"1":{"start":{"line":6,"column":6},"end":{"line":6,"column":33}},"2":{"start":{"line":8,"column":6},"end":{"line":8,"column":65}}},"fnMap":{"0":{"name":"(anonymous_0)","decl":{"start":{"line":4,"column":2},"end":{"line":4,"column":3}},"loc":{"start":{"line":4,"column":23},"end":{"line":10,"column":3}},"line":4}},"branchMap":{},"s":{"0":1,"1":1,"2":0},"f":{"0":1},"b":{},"_coverageSchema":"1a1c01bbd47fc00a2c39e90264f33305004495a9","hash":"876d226595df9177f99bcdea4714f6d33bbfe1b5"}
,"/Users/dorianfrances/Projects/personal/tobaccoff/src/services/metric.service.ts": {"path":"/Users/dorianfrances/Projects/personal/tobaccoff/src/services/metric.service.ts","statementMap":{"0":{"start":{"line":13,"column":24},"end":{"line":55,"column":3}},"1":{"start":{"line":20,"column":6},"end":{"line":20,"column":55}},"2":{"start":{"line":21,"column":4},"end":{"line":40,"column":5}},"3":{"start":{"line":23,"column":8},"end":{"line":29,"column":9}},"4":{"start":{"line":30,"column":6},"end":{"line":39,"column":8}},"5":{"start":{"line":42,"column":6},"end":{"line":46,"column":7}},"6":{"start":{"line":47,"column":4},"end":{"line":54,"column":6}},"7":{"start":{"line":57,"column":24},"end":{"line":101,"column":3}},"8":{"start":{"line":64,"column":6},"end":{"line":64,"column":66}},"9":{"start":{"line":65,"column":4},"end":{"line":82,"column":5}},"10":{"start":{"line":67,"column":8},"end":{"line":73,"column":9}},"11":{"start":{"line":74,"column":6},"end":{"line":81,"column":8}},"12":{"start":{"line":85,"column":6},"end":{"line":91,"column":7}},"13":{"start":{"line":92,"column":4},"end":{"line":100,"column":6}},"14":{"start":{"line":109,"column":6},"end":{"line":109,"column":54}},"15":{"start":{"line":111,"column":6},"end":{"line":111,"column":63}},"16":{"start":{"line":112,"column":4},"end":{"line":117,"column":6}},"17":{"start":{"line":125,"column":6},"end":{"line":125,"column":54}},"18":{"start":{"line":126,"column":4},"end":{"line":126,"column":79}},"19":{"start":{"line":134,"column":4},"end":{"line":142,"column":5}},"20":{"start":{"line":135,"column":34},"end":{"line":137,"column":47}},"21":{"start":{"line":136,"column":34},"end":{"line":136,"column":55}},"22":{"start":{"line":137,"column":32},"end":{"line":137,"column":43}},"23":{"start":{"line":138,"column":6},"end":{"line":141,"column":8}},"24":{"start":{"line":143,"column":4},"end":{"line":143,"column":13}},"25":{"start":{"line":149,"column":32},"end":{"line":151,"column":45}},"26":{"start":{"line":150,"column":32},"end":{"line":150,"column":53}},"27":{"start":{"line":151,"column":30},"end":{"line":151,"column":41}},"28":{"start":{"line":152,"column":4},"end":{"line":156,"column":6}}},"fnMap":{"0":{"name":"(anonymous_0)","decl":{"start":{"line":8,"column":2},"end":{"line":8,"column":3}},"loc":{"start":{"line":11,"column":4},"end":{"line":11,"column":6}},"line":11},"1":{"name":"(anonymous_1)","decl":{"start":{"line":13,"column":24},"end":{"line":13,"column":25}},"loc":{"start":{"line":18,"column":15},"end":{"line":55,"column":3}},"line":18},"2":{"name":"(anonymous_2)","decl":{"start":{"line":57,"column":24},"end":{"line":57,"column":25}},"loc":{"start":{"line":62,"column":7},"end":{"line":101,"column":3}},"line":62},"3":{"name":"(anonymous_3)","decl":{"start":{"line":103,"column":2},"end":{"line":103,"column":3}},"loc":{"start":{"line":107,"column":12},"end":{"line":118,"column":3}},"line":107},"4":{"name":"(anonymous_4)","decl":{"start":{"line":120,"column":2},"end":{"line":120,"column":3}},"loc":{"start":{"line":123,"column":12},"end":{"line":127,"column":3}},"line":123},"5":{"name":"(anonymous_5)","decl":{"start":{"line":129,"column":2},"end":{"line":129,"column":3}},"loc":{"start":{"line":133,"column":4},"end":{"line":144,"column":3}},"line":133},"6":{"name":"(anonymous_6)","decl":{"start":{"line":136,"column":13},"end":{"line":136,"column":14}},"loc":{"start":{"line":136,"column":34},"end":{"line":136,"column":55}},"line":136},"7":{"name":"(anonymous_7)","decl":{"start":{"line":137,"column":16},"end":{"line":137,"column":17}},"loc":{"start":{"line":137,"column":32},"end":{"line":137,"column":43}},"line":137},"8":{"name":"(anonymous_8)","decl":{"start":{"line":146,"column":2},"end":{"line":146,"column":3}},"loc":{"start":{"line":148,"column":4},"end":{"line":157,"column":3}},"line":148},"9":{"name":"(anonymous_9)","decl":{"start":{"line":150,"column":11},"end":{"line":150,"column":12}},"loc":{"start":{"line":150,"column":32},"end":{"line":150,"column":53}},"line":150},"10":{"name":"(anonymous_10)","decl":{"start":{"line":151,"column":14},"end":{"line":151,"column":15}},"loc":{"start":{"line":151,"column":30},"end":{"line":151,"column":41}},"line":151}},"branchMap":{"0":{"loc":{"start":{"line":21,"column":4},"end":{"line":40,"column":5}},"type":"if","locations":[{"start":{"line":21,"column":4},"end":{"line":40,"column":5}},{"start":{},"end":{}}],"line":21},"1":{"loc":{"start":{"line":65,"column":4},"end":{"line":82,"column":5}},"type":"if","locations":[{"start":{"line":65,"column":4},"end":{"line":82,"column":5}},{"start":{},"end":{}}],"line":65},"2":{"loc":{"start":{"line":134,"column":4},"end":{"line":142,"column":5}},"type":"if","locations":[{"start":{"line":134,"column":4},"end":{"line":142,"column":5}},{"start":{},"end":{}}],"line":134}},"s":{"0":8,"1":4,"2":4,"3":2,"4":2,"5":2,"6":2,"7":8,"8":2,"9":2,"10":1,"11":1,"12":1,"13":1,"14":1,"15":1,"16":1,"17":1,"18":1,"19":6,"20":6,"21":3,"22":3,"23":6,"24":0,"25":1,"26":0,"27":0,"28":1},"f":{"0":8,"1":4,"2":2,"3":1,"4":1,"5":6,"6":3,"7":3,"8":1,"9":0,"10":0},"b":{"0":[2,2],"1":[1,1],"2":[6,0]},"_coverageSchema":"1a1c01bbd47fc00a2c39e90264f33305004495a9","hash":"3103b13b7a3145a314c66eaae8f408c2e0296c9f"}
,"/Users/dorianfrances/Projects/personal/tobaccoff/src/services/smoked-cigarettes.service.ts": {"path":"/Users/dorianfrances/Projects/personal/tobaccoff/src/services/smoked-cigarettes.service.ts","statementMap":{"0":{"start":{"line":6,"column":4},"end":{"line":15,"column":5}},"1":{"start":{"line":7,"column":6},"end":{"line":10,"column":8}},"2":{"start":{"line":12,"column":6},"end":{"line":14,"column":8}},"3":{"start":{"line":19,"column":4},"end":{"line":31,"column":5}},"4":{"start":{"line":20,"column":19},"end":{"line":20,"column":67}},"5":{"start":{"line":21,"column":6},"end":{"line":25,"column":7}},"6":{"start":{"line":22,"column":8},"end":{"line":24,"column":10}},"7":{"start":{"line":26,"column":6},"end":{"line":26,"column":38}},"8":{"start":{"line":28,"column":6},"end":{"line":30,"column":8}}},"fnMap":{"0":{"name":"(anonymous_0)","decl":{"start":{"line":5,"column":2},"end":{"line":5,"column":3}},"loc":{"start":{"line":5,"column":74},"end":{"line":16,"column":3}},"line":5},"1":{"name":"(anonymous_1)","decl":{"start":{"line":18,"column":2},"end":{"line":18,"column":3}},"loc":{"start":{"line":18,"column":63},"end":{"line":32,"column":3}},"line":18}},"branchMap":{"0":{"loc":{"start":{"line":21,"column":6},"end":{"line":25,"column":7}},"type":"if","locations":[{"start":{"line":21,"column":6},"end":{"line":25,"column":7}},{"start":{},"end":{}}],"line":21}},"s":{"0":1,"1":1,"2":0,"3":2,"4":2,"5":2,"6":1,"7":1,"8":0},"f":{"0":1,"1":2},"b":{"0":[1,1]},"_coverageSchema":"1a1c01bbd47fc00a2c39e90264f33305004495a9","hash":"1bfd6b1de2b2694c857d6815ffe747d38b82c8c9"}
,"/Users/dorianfrances/Projects/personal/tobaccoff/src/utils/cigarette.utils.ts": {"path":"/Users/dorianfrances/Projects/personal/tobaccoff/src/utils/cigarette.utils.ts","statementMap":{"0":{"start":{"line":6,"column":4},"end":{"line":8,"column":79}}},"fnMap":{"0":{"name":"(anonymous_0)","decl":{"start":{"line":5,"column":2},"end":{"line":5,"column":3}},"loc":{"start":{"line":5,"column":61},"end":{"line":9,"column":3}},"line":5}},"branchMap":{"0":{"loc":{"start":{"line":6,"column":11},"end":{"line":8,"column":78}},"type":"cond-expr","locations":[{"start":{"line":7,"column":8},"end":{"line":7,"column":60}},{"start":{"line":8,"column":8},"end":{"line":8,"column":78}}],"line":6}},"s":{"0":13},"f":{"0":13},"b":{"0":[6,7]},"_coverageSchema":"1a1c01bbd47fc00a2c39e90264f33305004495a9","hash":"3cf0cfb1b83b786dd72f49d70380ca0c4f5557ae"}
,"/Users/dorianfrances/Projects/personal/tobaccoff/src/utils/time.utils.ts": {"path":"/Users/dorianfrances/Projects/personal/tobaccoff/src/utils/time.utils.ts","statementMap":{"0":{"start":{"line":2,"column":46},"end":{"line":16,"column":3}},"1":{"start":{"line":3,"column":20},"end":{"line":3,"column":30}},"2":{"start":{"line":4,"column":4},"end":{"line":6,"column":5}},"3":{"start":{"line":5,"column":6},"end":{"line":5,"column":53}},"4":{"start":{"line":7,"column":4},"end":{"line":15,"column":6}},"5":{"start":{"line":18,"column":35},"end":{"line":20,"column":3}},"6":{"start":{"line":19,"column":4},"end":{"line":19,"column":73}},"7":{"start":{"line":23,"column":36},"end":{"line":27,"column":5}},"8":{"start":{"line":28,"column":4},"end":{"line":28,"column":69}}},"fnMap":{"0":{"name":"(anonymous_0)","decl":{"start":{"line":2,"column":46},"end":{"line":2,"column":47}},"loc":{"start":{"line":2,"column":69},"end":{"line":16,"column":3}},"line":2},"1":{"name":"(anonymous_1)","decl":{"start":{"line":18,"column":35},"end":{"line":18,"column":36}},"loc":{"start":{"line":18,"column":58},"end":{"line":20,"column":3}},"line":18},"2":{"name":"(anonymous_2)","decl":{"start":{"line":22,"column":2},"end":{"line":22,"column":3}},"loc":{"start":{"line":22,"column":69},"end":{"line":29,"column":3}},"line":22}},"branchMap":{"0":{"loc":{"start":{"line":4,"column":4},"end":{"line":6,"column":5}},"type":"if","locations":[{"start":{"line":4,"column":4},"end":{"line":6,"column":5}},{"start":{},"end":{}}],"line":4}},"s":{"0":9,"1":0,"2":0,"3":0,"4":0,"5":9,"6":1,"7":0,"8":0},"f":{"0":0,"1":1,"2":0},"b":{"0":[0,0]},"_coverageSchema":"1a1c01bbd47fc00a2c39e90264f33305004495a9","hash":"7eea2da7ef65fe27f1f5083c9eed7a5aa5b0f4d2"}
,"/Users/dorianfrances/Projects/personal/tobaccoff/src/utils/data/cigarette.data.ts": {"path":"/Users/dorianfrances/Projects/personal/tobaccoff/src/utils/data/cigarette.data.ts","statementMap":{},"fnMap":{},"branchMap":{},"s":{},"f":{},"b":{},"_coverageSchema":"1a1c01bbd47fc00a2c39e90264f33305004495a9","hash":"9446e06f3f1f1a69344128e4cee9762fc02e6203"}
,"/Users/dorianfrances/Projects/personal/tobaccoff/src/utils/model/configuration.model.ts": {"path":"/Users/dorianfrances/Projects/personal/tobaccoff/src/utils/model/configuration.model.ts","statementMap":{"0":{"start":{"line":11,"column":4},"end":{"line":11,"column":29}},"1":{"start":{"line":12,"column":4},"end":{"line":12,"column":39}},"2":{"start":{"line":13,"column":4},"end":{"line":13,"column":43}}},"fnMap":{"0":{"name":"(anonymous_0)","decl":{"start":{"line":6,"column":2},"end":{"line":6,"column":3}},"loc":{"start":{"line":10,"column":4},"end":{"line":14,"column":3}},"line":10}},"branchMap":{},"s":{"0":4,"1":4,"2":4},"f":{"0":4},"b":{},"_coverageSchema":"1a1c01bbd47fc00a2c39e90264f33305004495a9","hash":"da842fdd56a10cc55002013526dd2d327622dfab"}
,"/Users/dorianfrances/Projects/personal/tobaccoff/src/utils/model/smoked-cigarette.model.ts": {"path":"/Users/dorianfrances/Projects/personal/tobaccoff/src/utils/model/smoked-cigarette.model.ts","statementMap":{"0":{"start":{"line":6,"column":4},"end":{"line":6,"column":23}},"1":{"start":{"line":7,"column":4},"end":{"line":7,"column":21}}},"fnMap":{"0":{"name":"(anonymous_0)","decl":{"start":{"line":5,"column":2},"end":{"line":5,"column":3}},"loc":{"start":{"line":5,"column":41},"end":{"line":8,"column":3}},"line":5}},"branchMap":{},"s":{"0":13,"1":13},"f":{"0":13},"b":{},"_coverageSchema":"1a1c01bbd47fc00a2c39e90264f33305004495a9","hash":"b08ec98bde76d7a60cb4bf792574050d34d7458c"}
,"/Users/dorianfrances/Projects/personal/tobaccoff/src/utils/model/smoked-cigarettes.model.ts": {"path":"/Users/dorianfrances/Projects/personal/tobaccoff/src/utils/model/smoked-cigarettes.model.ts","statementMap":{"0":{"start":{"line":7,"column":4},"end":{"line":7,"column":45}},"1":{"start":{"line":11,"column":48},"end":{"line":11,"column":50}},"2":{"start":{"line":12,"column":4},"end":{"line":19,"column":7}},"3":{"start":{"line":13,"column":6},"end":{"line":18,"column":8}},"4":{"start":{"line":20,"column":4},"end":{"line":20,"column":50}}},"fnMap":{"0":{"name":"(anonymous_0)","decl":{"start":{"line":6,"column":2},"end":{"line":6,"column":3}},"loc":{"start":{"line":6,"column":51},"end":{"line":8,"column":3}},"line":6},"1":{"name":"(anonymous_1)","decl":{"start":{"line":10,"column":2},"end":{"line":10,"column":3}},"loc":{"start":{"line":10,"column":52},"end":{"line":21,"column":3}},"line":10},"2":{"name":"(anonymous_2)","decl":{"start":{"line":12,"column":30},"end":{"line":12,"column":31}},"loc":{"start":{"line":12,"column":51},"end":{"line":19,"column":5}},"line":12}},"branchMap":{},"s":{"0":5,"1":1,"2":1,"3":3,"4":1},"f":{"0":5,"1":1,"2":3},"b":{},"_coverageSchema":"1a1c01bbd47fc00a2c39e90264f33305004495a9","hash":"36efc14e407371bdecef77963d1ce5d645457bd5"}
}
