TN:
SF:src/model/configuration.model.ts
FN:6,(anonymous_0)
FNF:1
FNH:0
FNDA:0,(anonymous_0)
DA:11,0
DA:12,0
DA:13,0
LF:3
LH:0
BRF:0
BRH:0
end_of_record
TN:
SF:src/model/smoked-cigarette.model.ts
FN:5,(anonymous_0)
FNF:1
FNH:1
FNDA:15,(anonymous_0)
DA:6,15
DA:7,15
LF:2
LH:2
BRF:0
BRH:0
end_of_record
TN:
SF:src/model/smoked-cigarettes.model.ts
FN:6,(anonymous_0)
FN:10,(anonymous_1)
FN:12,(anonymous_2)
FNF:3
FNH:3
FNDA:3,(anonymous_0)
FNDA:1,(anonymous_1)
FNDA:3,(anonymous_2)
DA:7,3
DA:11,1
DA:12,1
DA:13,3
DA:20,1
LF:5
LH:5
BRF:0
BRH:0
end_of_record
TN:
SF:src/model/vape-expense.model.ts
FN:5,(anonymous_0)
FNF:1
FNH:1
FNDA:17,(anonymous_0)
DA:6,17
DA:7,17
LF:2
LH:2
BRF:0
BRH:0
end_of_record
TN:
SF:src/model/vape-expenses.model.ts
FN:6,(anonymous_0)
FN:10,(anonymous_1)
FN:12,(anonymous_2)
FNF:3
FNH:3
FNDA:3,(anonymous_0)
FNDA:1,(anonymous_1)
FNDA:3,(anonymous_2)
DA:7,3
DA:11,1
DA:12,1
DA:13,3
DA:17,1
LF:5
LH:5
BRF:0
BRH:0
end_of_record
TN:
SF:src/services/metric.service.ts
FN:9,(anonymous_0)
FN:14,(anonymous_1)
FN:65,(anonymous_2)
FN:116,(anonymous_3)
FN:133,(anonymous_4)
FN:142,(anonymous_5)
FN:149,(anonymous_6)
FN:150,(anonymous_7)
FN:159,(anonymous_8)
FN:163,(anonymous_9)
FN:164,(anonymous_10)
FN:172,(anonymous_11)
FN:174,(anonymous_12)
FN:175,(anonymous_13)
FNF:14
FNH:12
FNDA:12,(anonymous_0)
FNDA:6,(anonymous_1)
FNDA:4,(anonymous_2)
FNDA:1,(anonymous_3)
FNDA:1,(anonymous_4)
FNDA:10,(anonymous_5)
FNDA:6,(anonymous_6)
FNDA:6,(anonymous_7)
FNDA:1,(anonymous_8)
FNDA:0,(anonymous_9)
FNDA:0,(anonymous_10)
FNDA:10,(anonymous_11)
FNDA:8,(anonymous_12)
FNDA:8,(anonymous_13)
DA:14,12
DA:22,6
DA:24,6
DA:25,6
DA:27,3
DA:35,3
DA:49,3
DA:54,3
DA:65,12
DA:73,4
DA:75,4
DA:76,4
DA:78,2
DA:85,2
DA:97,2
DA:104,2
DA:122,1
DA:124,1
DA:125,1
DA:138,1
DA:139,1
DA:147,10
DA:148,10
DA:149,6
DA:150,6
DA:151,10
DA:156,0
DA:162,1
DA:163,0
DA:164,0
DA:165,1
DA:173,10
DA:174,8
DA:175,8
LF:34
LH:31
BRDA:25,0,0,3
BRDA:25,0,1,3
BRDA:76,1,0,2
BRDA:76,1,1,2
BRDA:147,2,0,10
BRDA:147,2,1,0
BRF:6
BRH:5
end_of_record
TN:
SF:src/services/smoked-cigarette.service.ts
FN:5,(anonymous_0)
FN:18,(anonymous_1)
FNF:2
FNH:2
FNDA:1,(anonymous_0)
FNDA:1,(anonymous_1)
DA:6,1
DA:7,1
DA:12,0
DA:19,1
DA:20,1
DA:21,1
DA:22,1
DA:26,0
DA:28,0
LF:9
LH:6
BRDA:21,0,0,1
BRDA:21,0,1,0
BRF:2
BRH:1
end_of_record
TN:
SF:src/services/vape-expense.service.ts
FN:5,(anonymous_0)
FN:19,(anonymous_1)
FNF:2
FNH:2
FNDA:1,(anonymous_0)
FNDA:1,(anonymous_1)
DA:6,1
DA:7,1
DA:8,1
DA:9,1
DA:13,0
DA:15,0
DA:20,1
DA:21,1
DA:26,0
LF:9
LH:6
BRDA:8,0,0,1
BRDA:8,0,1,0
BRF:2
BRH:1
end_of_record
TN:
SF:src/utils/cigarette.utils.ts
FN:5,(anonymous_0)
FNF:1
FNH:1
FNDA:21,(anonymous_0)
DA:6,21
LF:1
LH:1
BRDA:6,0,0,10
BRDA:6,0,1,11
BRF:2
BRH:2
end_of_record
TN:
SF:src/utils/time.utils.ts
FN:2,(anonymous_0)
FN:18,(anonymous_1)
FN:22,(anonymous_2)
FNF:3
FNH:1
FNDA:0,(anonymous_0)
FNDA:1,(anonymous_1)
FNDA:0,(anonymous_2)
DA:2,13
DA:3,0
DA:4,0
DA:5,0
DA:7,0
DA:18,13
DA:19,1
DA:23,0
DA:28,0
LF:9
LH:3
BRDA:4,0,0,0
BRDA:4,0,1,0
BRF:2
BRH:0
end_of_record
TN:
SF:src/utils/data/cigarette.data.ts
FNF:0
FNH:0
LF:0
LH:0
BRF:0
BRH:0
end_of_record
