TN:
SF:src/services/configuration.service.ts
FN:8,(anonymous_0)
FN:32,(anonymous_1)
FNF:2
FNH:2
FNDA:1,(anonymous_0)
FNDA:3,(anonymous_1)
DA:13,1
DA:14,1
DA:15,1
DA:21,1
DA:26,0
DA:33,3
DA:34,3
DA:35,3
DA:36,1
DA:38,2
DA:40,0
LF:11
LH:9
BRDA:35,0,0,1
BRDA:35,0,1,2
BRF:2
BRH:2
end_of_record
TN:
SF:src/services/global-storage.service.ts
FN:4,(anonymous_0)
FNF:1
FNH:1
FNDA:1,(anonymous_0)
DA:5,1
DA:6,1
DA:8,0
LF:3
LH:2
BRF:0
BRH:0
end_of_record
TN:
SF:src/services/metric.service.ts
FN:8,(anonymous_0)
FN:13,(anonymous_1)
FN:57,(anonymous_2)
FN:103,(anonymous_3)
FN:120,(anonymous_4)
FN:129,(anonymous_5)
FN:136,(anonymous_6)
FN:137,(anonymous_7)
FN:146,(anonymous_8)
FN:150,(anonymous_9)
FN:151,(anonymous_10)
FNF:11
FNH:9
FNDA:8,(anonymous_0)
FNDA:4,(anonymous_1)
FNDA:2,(anonymous_2)
FNDA:1,(anonymous_3)
FNDA:1,(anonymous_4)
FNDA:6,(anonymous_5)
FNDA:3,(anonymous_6)
FNDA:3,(anonymous_7)
FNDA:1,(anonymous_8)
FNDA:0,(anonymous_9)
FNDA:0,(anonymous_10)
DA:13,8
DA:20,4
DA:21,4
DA:23,2
DA:30,2
DA:42,2
DA:47,2
DA:57,8
DA:64,2
DA:65,2
DA:67,1
DA:74,1
DA:85,1
DA:92,1
DA:109,1
DA:111,1
DA:112,1
DA:125,1
DA:126,1
DA:134,6
DA:135,6
DA:136,3
DA:137,3
DA:138,6
DA:143,0
DA:149,1
DA:150,0
DA:151,0
DA:152,1
LF:29
LH:26
BRDA:21,0,0,2
BRDA:21,0,1,2
BRDA:65,1,0,1
BRDA:65,1,1,1
BRDA:134,2,0,6
BRDA:134,2,1,0
BRF:6
BRH:5
end_of_record
TN:
SF:src/services/smoked-cigarettes.service.ts
FN:5,(anonymous_0)
FN:18,(anonymous_1)
FNF:2
FNH:2
FNDA:1,(anonymous_0)
FNDA:2,(anonymous_1)
DA:6,1
DA:7,1
DA:12,0
DA:19,2
DA:20,2
DA:21,2
DA:22,1
DA:26,1
DA:28,0
LF:9
LH:7
BRDA:21,0,0,1
BRDA:21,0,1,1
BRF:2
BRH:2
end_of_record
TN:
SF:src/utils/cigarette.utils.ts
FN:5,(anonymous_0)
FNF:1
FNH:1
FNDA:13,(anonymous_0)
DA:6,13
LF:1
LH:1
BRDA:6,0,0,6
BRDA:6,0,1,7
BRF:2
BRH:2
end_of_record
TN:
SF:src/utils/time.utils.ts
FN:2,(anonymous_0)
FN:18,(anonymous_1)
FN:22,(anonymous_2)
FNF:3
FNH:1
FNDA:0,(anonymous_0)
FNDA:1,(anonymous_1)
FNDA:0,(anonymous_2)
DA:2,9
DA:3,0
DA:4,0
DA:5,0
DA:7,0
DA:18,9
DA:19,1
DA:23,0
DA:28,0
LF:9
LH:3
BRDA:4,0,0,0
BRDA:4,0,1,0
BRF:2
BRH:0
end_of_record
TN:
SF:src/utils/data/cigarette.data.ts
FNF:0
FNH:0
LF:0
LH:0
BRF:0
BRH:0
end_of_record
TN:
SF:src/utils/model/configuration.model.ts
FN:6,(anonymous_0)
FNF:1
FNH:1
FNDA:4,(anonymous_0)
DA:11,4
DA:12,4
DA:13,4
LF:3
LH:3
BRF:0
BRH:0
end_of_record
TN:
SF:src/utils/model/smoked-cigarette.model.ts
FN:5,(anonymous_0)
FNF:1
FNH:1
FNDA:13,(anonymous_0)
DA:6,13
DA:7,13
LF:2
LH:2
BRF:0
BRH:0
end_of_record
TN:
SF:src/utils/model/smoked-cigarettes.model.ts
FN:6,(anonymous_0)
FN:10,(anonymous_1)
FN:12,(anonymous_2)
FNF:3
FNH:3
FNDA:5,(anonymous_0)
FNDA:1,(anonymous_1)
FNDA:3,(anonymous_2)
DA:7,5
DA:11,1
DA:12,1
DA:13,3
DA:20,1
LF:5
LH:5
BRF:0
BRH:0
end_of_record
